{"/Users/roslin/codefellows/401/demos/day8-vanilla-rest-api/server.js": {"path":"/Users/roslin/codefellows/401/demos/day8-vanilla-rest-api/server.js","statementMap":{"0":{"start":{"line":6,"column":13},"end":{"line":6,"column":28}},"1":{"start":{"line":7,"column":13},"end":{"line":7,"column":39}},"2":{"start":{"line":8,"column":15},"end":{"line":8,"column":41}},"3":{"start":{"line":9,"column":16},"end":{"line":9,"column":43}},"4":{"start":{"line":10,"column":13},"end":{"line":10,"column":37}},"5":{"start":{"line":11,"column":15},"end":{"line":11,"column":27}},"6":{"start":{"line":15,"column":0},"end":{"line":44,"column":2}},"7":{"start":{"line":17,"column":2},"end":{"line":38,"column":3}},"8":{"start":{"line":18,"column":4},"end":{"line":36,"column":6}},"9":{"start":{"line":21,"column":6},"end":{"line":23,"column":8}},"10":{"start":{"line":25,"column":6},"end":{"line":25,"column":38}},"11":{"start":{"line":26,"column":6},"end":{"line":26,"column":16}},"12":{"start":{"line":30,"column":6},"end":{"line":30,"column":25}},"13":{"start":{"line":31,"column":6},"end":{"line":33,"column":8}},"14":{"start":{"line":34,"column":6},"end":{"line":34,"column":35}},"15":{"start":{"line":35,"column":6},"end":{"line":35,"column":16}},"16":{"start":{"line":37,"column":4},"end":{"line":37,"column":11}},"17":{"start":{"line":39,"column":2},"end":{"line":41,"column":4}},"18":{"start":{"line":42,"column":2},"end":{"line":42,"column":27}},"19":{"start":{"line":43,"column":2},"end":{"line":43,"column":12}},"20":{"start":{"line":46,"column":0},"end":{"line":65,"column":2}},"21":{"start":{"line":47,"column":2},"end":{"line":64,"column":3}},"22":{"start":{"line":49,"column":15},"end":{"line":49,"column":56}},"23":{"start":{"line":51,"column":4},"end":{"line":51,"column":37}},"24":{"start":{"line":52,"column":4},"end":{"line":54,"column":6}},"25":{"start":{"line":55,"column":4},"end":{"line":55,"column":35}},"26":{"start":{"line":56,"column":4},"end":{"line":56,"column":14}},"27":{"start":{"line":58,"column":4},"end":{"line":58,"column":23}},"28":{"start":{"line":59,"column":4},"end":{"line":61,"column":6}},"29":{"start":{"line":62,"column":4},"end":{"line":62,"column":28}},"30":{"start":{"line":63,"column":4},"end":{"line":63,"column":14}},"31":{"start":{"line":69,"column":15},"end":{"line":69,"column":48}},"32":{"start":{"line":71,"column":0},"end":{"line":73,"column":3}},"33":{"start":{"line":72,"column":2},"end":{"line":72,"column":35}}},"fnMap":{"0":{"name":"(anonymous_0)","decl":{"start":{"line":15,"column":24},"end":{"line":15,"column":25}},"loc":{"start":{"line":15,"column":42},"end":{"line":44,"column":1}},"line":15},"1":{"name":"(anonymous_1)","decl":{"start":{"line":20,"column":11},"end":{"line":20,"column":12}},"loc":{"start":{"line":20,"column":19},"end":{"line":27,"column":5}},"line":20},"2":{"name":"(anonymous_2)","decl":{"start":{"line":29,"column":12},"end":{"line":29,"column":13}},"loc":{"start":{"line":29,"column":19},"end":{"line":36,"column":5}},"line":29},"3":{"name":"(anonymous_3)","decl":{"start":{"line":46,"column":25},"end":{"line":46,"column":26}},"loc":{"start":{"line":46,"column":44},"end":{"line":65,"column":1}},"line":46},"4":{"name":"(anonymous_4)","decl":{"start":{"line":71,"column":20},"end":{"line":71,"column":21}},"loc":{"start":{"line":71,"column":26},"end":{"line":73,"column":1}},"line":71}},"branchMap":{"0":{"loc":{"start":{"line":10,"column":13},"end":{"line":10,"column":37}},"type":"binary-expr","locations":[{"start":{"line":10,"column":13},"end":{"line":10,"column":29}},{"start":{"line":10,"column":33},"end":{"line":10,"column":37}}],"line":10},"1":{"loc":{"start":{"line":17,"column":2},"end":{"line":38,"column":3}},"type":"if","locations":[{"start":{"line":17,"column":2},"end":{"line":38,"column":3}},{"start":{"line":17,"column":2},"end":{"line":38,"column":3}}],"line":17}},"s":{"0":1,"1":1,"2":1,"3":1,"4":1,"5":1,"6":1,"7":1,"8":1,"9":1,"10":1,"11":1,"12":0,"13":0,"14":0,"15":0,"16":1,"17":0,"18":0,"19":0,"20":1,"21":1,"22":1,"23":1,"24":1,"25":1,"26":1,"27":0,"28":0,"29":0,"30":0,"31":1,"32":1,"33":1},"f":{"0":1,"1":1,"2":0,"3":1,"4":1},"b":{"0":[1,1],"1":[1,0]},"_coverageSchema":"332fd63041d2c1bcb487cc26dd0d5f7d97098a6c","hash":"f697e5bc4559e5f7618ca4e053fd225013803f45"}
,"/Users/roslin/codefellows/401/demos/day8-vanilla-rest-api/lib/parse-json.js": {"path":"/Users/roslin/codefellows/401/demos/day8-vanilla-rest-api/lib/parse-json.js","statementMap":{"0":{"start":{"line":7,"column":0},"end":{"line":38,"column":1}},"1":{"start":{"line":8,"column":2},"end":{"line":37,"column":4}},"2":{"start":{"line":11,"column":4},"end":{"line":34,"column":5}},"3":{"start":{"line":12,"column":17},"end":{"line":12,"column":19}},"4":{"start":{"line":14,"column":6},"end":{"line":16,"column":9}},"5":{"start":{"line":15,"column":8},"end":{"line":15,"column":32}},"6":{"start":{"line":18,"column":6},"end":{"line":26,"column":8}},"7":{"start":{"line":19,"column":8},"end":{"line":25,"column":9}},"8":{"start":{"line":20,"column":10},"end":{"line":20,"column":38}},"9":{"start":{"line":21,"column":10},"end":{"line":21,"column":22}},"10":{"start":{"line":23,"column":10},"end":{"line":23,"column":29}},"11":{"start":{"line":24,"column":10},"end":{"line":24,"column":22}},"12":{"start":{"line":28,"column":6},"end":{"line":31,"column":8}},"13":{"start":{"line":29,"column":8},"end":{"line":29,"column":27}},"14":{"start":{"line":30,"column":8},"end":{"line":30,"column":20}},"15":{"start":{"line":33,"column":6},"end":{"line":33,"column":13}},"16":{"start":{"line":36,"column":4},"end":{"line":36,"column":14}}},"fnMap":{"0":{"name":"(anonymous_0)","decl":{"start":{"line":7,"column":17},"end":{"line":7,"column":18}},"loc":{"start":{"line":7,"column":31},"end":{"line":38,"column":1}},"line":7},"1":{"name":"(anonymous_1)","decl":{"start":{"line":8,"column":21},"end":{"line":8,"column":22}},"loc":{"start":{"line":8,"column":42},"end":{"line":37,"column":3}},"line":8},"2":{"name":"(anonymous_2)","decl":{"start":{"line":14,"column":21},"end":{"line":14,"column":22}},"loc":{"start":{"line":14,"column":29},"end":{"line":16,"column":7}},"line":14},"3":{"name":"(anonymous_3)","decl":{"start":{"line":18,"column":20},"end":{"line":18,"column":21}},"loc":{"start":{"line":18,"column":26},"end":{"line":26,"column":7}},"line":18},"4":{"name":"(anonymous_4)","decl":{"start":{"line":28,"column":22},"end":{"line":28,"column":23}},"loc":{"start":{"line":28,"column":29},"end":{"line":31,"column":7}},"line":28}},"branchMap":{"0":{"loc":{"start":{"line":11,"column":4},"end":{"line":34,"column":5}},"type":"if","locations":[{"start":{"line":11,"column":4},"end":{"line":34,"column":5}},{"start":{"line":11,"column":4},"end":{"line":34,"column":5}}],"line":11},"1":{"loc":{"start":{"line":11,"column":8},"end":{"line":11,"column":53}},"type":"binary-expr","locations":[{"start":{"line":11,"column":8},"end":{"line":11,"column":29}},{"start":{"line":11,"column":33},"end":{"line":11,"column":53}}],"line":11}},"s":{"0":1,"1":2,"2":2,"3":1,"4":1,"5":1,"6":1,"7":1,"8":1,"9":1,"10":0,"11":0,"12":1,"13":0,"14":0,"15":1,"16":1},"f":{"0":2,"1":2,"2":1,"3":1,"4":0},"b":{"0":[1,1],"1":[2,1]},"_coverageSchema":"332fd63041d2c1bcb487cc26dd0d5f7d97098a6c","hash":"3b9f4c9c654035b74f2c905c662953503d452fc3"}
,"/Users/roslin/codefellows/401/demos/day8-vanilla-rest-api/lib/parse-url.js": {"path":"/Users/roslin/codefellows/401/demos/day8-vanilla-rest-api/lib/parse-url.js","statementMap":{"0":{"start":{"line":5,"column":17},"end":{"line":5,"column":37}},"1":{"start":{"line":6,"column":19},"end":{"line":6,"column":47}},"2":{"start":{"line":8,"column":0},"end":{"line":16,"column":1}},"3":{"start":{"line":9,"column":2},"end":{"line":9,"column":30}},"4":{"start":{"line":11,"column":2},"end":{"line":11,"column":44}},"5":{"start":{"line":14,"column":2},"end":{"line":14,"column":30}}},"fnMap":{"0":{"name":"(anonymous_0)","decl":{"start":{"line":8,"column":17},"end":{"line":8,"column":18}},"loc":{"start":{"line":8,"column":31},"end":{"line":16,"column":1}},"line":8}},"branchMap":{},"s":{"0":1,"1":1,"2":1,"3":2,"4":2,"5":2},"f":{"0":2},"b":{},"_coverageSchema":"332fd63041d2c1bcb487cc26dd0d5f7d97098a6c","hash":"7ab9da0a02d08f0aedc6801123ab0d5ac132509d"}
,"/Users/roslin/codefellows/401/demos/day8-vanilla-rest-api/lib/router.js": {"path":"/Users/roslin/codefellows/401/demos/day8-vanilla-rest-api/lib/router.js","statementMap":{"0":{"start":{"line":8,"column":17},"end":{"line":8,"column":42}},"1":{"start":{"line":9,"column":18},"end":{"line":9,"column":44}},"2":{"start":{"line":11,"column":15},"end":{"line":19,"column":1}},"3":{"start":{"line":12,"column":2},"end":{"line":18,"column":3}},"4":{"start":{"line":22,"column":0},"end":{"line":30,"column":1}},"5":{"start":{"line":27,"column":2},"end":{"line":27,"column":39}},"6":{"start":{"line":32,"column":0},"end":{"line":34,"column":1}},"7":{"start":{"line":33,"column":2},"end":{"line":33,"column":40}},"8":{"start":{"line":36,"column":0},"end":{"line":38,"column":1}},"9":{"start":{"line":37,"column":2},"end":{"line":37,"column":39}},"10":{"start":{"line":40,"column":0},"end":{"line":42,"column":1}},"11":{"start":{"line":41,"column":2},"end":{"line":41,"column":42}},"12":{"start":{"line":44,"column":0},"end":{"line":91,"column":1}},"13":{"start":{"line":50,"column":2},"end":{"line":90,"column":3}},"14":{"start":{"line":52,"column":4},"end":{"line":89,"column":6}},"15":{"start":{"line":60,"column":6},"end":{"line":65,"column":7}},"16":{"start":{"line":63,"column":8},"end":{"line":63,"column":59}},"17":{"start":{"line":64,"column":8},"end":{"line":64,"column":15}},"18":{"start":{"line":67,"column":6},"end":{"line":67,"column":43}},"19":{"start":{"line":69,"column":6},"end":{"line":73,"column":9}},"20":{"start":{"line":75,"column":6},"end":{"line":75,"column":35}},"21":{"start":{"line":76,"column":6},"end":{"line":76,"column":16}},"22":{"start":{"line":81,"column":6},"end":{"line":81,"column":25}},"23":{"start":{"line":83,"column":6},"end":{"line":85,"column":8}},"24":{"start":{"line":87,"column":6},"end":{"line":87,"column":31}},"25":{"start":{"line":88,"column":6},"end":{"line":88,"column":16}}},"fnMap":{"0":{"name":"(anonymous_0)","decl":{"start":{"line":11,"column":32},"end":{"line":11,"column":33}},"loc":{"start":{"line":11,"column":43},"end":{"line":19,"column":1}},"line":11},"1":{"name":"(anonymous_1)","decl":{"start":{"line":22,"column":23},"end":{"line":22,"column":24}},"loc":{"start":{"line":22,"column":52},"end":{"line":30,"column":1}},"line":22},"2":{"name":"(anonymous_2)","decl":{"start":{"line":32,"column":24},"end":{"line":32,"column":25}},"loc":{"start":{"line":32,"column":53},"end":{"line":34,"column":1}},"line":32},"3":{"name":"(anonymous_3)","decl":{"start":{"line":36,"column":23},"end":{"line":36,"column":24}},"loc":{"start":{"line":36,"column":52},"end":{"line":38,"column":1}},"line":36},"4":{"name":"(anonymous_4)","decl":{"start":{"line":40,"column":26},"end":{"line":40,"column":27}},"loc":{"start":{"line":40,"column":55},"end":{"line":42,"column":1}},"line":40},"5":{"name":"(anonymous_5)","decl":{"start":{"line":44,"column":25},"end":{"line":44,"column":26}},"loc":{"start":{"line":44,"column":36},"end":{"line":91,"column":1}},"line":44},"6":{"name":"(anonymous_6)","decl":{"start":{"line":50,"column":9},"end":{"line":50,"column":10}},"loc":{"start":{"line":50,"column":23},"end":{"line":90,"column":3}},"line":50},"7":{"name":"(anonymous_7)","decl":{"start":{"line":56,"column":11},"end":{"line":56,"column":12}},"loc":{"start":{"line":56,"column":17},"end":{"line":77,"column":5}},"line":56},"8":{"name":"(anonymous_8)","decl":{"start":{"line":79,"column":12},"end":{"line":79,"column":13}},"loc":{"start":{"line":79,"column":19},"end":{"line":89,"column":5}},"line":79}},"branchMap":{"0":{"loc":{"start":{"line":60,"column":6},"end":{"line":65,"column":7}},"type":"if","locations":[{"start":{"line":60,"column":6},"end":{"line":65,"column":7}},{"start":{"line":60,"column":6},"end":{"line":65,"column":7}}],"line":60}},"s":{"0":1,"1":1,"2":1,"3":1,"4":1,"5":1,"6":1,"7":1,"8":1,"9":0,"10":1,"11":0,"12":1,"13":1,"14":2,"15":2,"16":2,"17":2,"18":0,"19":0,"20":0,"21":0,"22":0,"23":0,"24":0,"25":0},"f":{"0":1,"1":1,"2":1,"3":0,"4":0,"5":1,"6":2,"7":2,"8":0},"b":{"0":[2,0]},"_coverageSchema":"332fd63041d2c1bcb487cc26dd0d5f7d97098a6c","hash":"8ce898ce5f2f5ad5a400828a9cb64da61ee4485b"}
,"/Users/roslin/codefellows/401/demos/day8-vanilla-rest-api/lib/storage.js": {"path":"/Users/roslin/codefellows/401/demos/day8-vanilla-rest-api/lib/storage.js","statementMap":{"0":{"start":{"line":6,"column":16},"end":{"line":6,"column":18}},"1":{"start":{"line":9,"column":0},"end":{"line":9,"column":30}},"2":{"start":{"line":11,"column":0},"end":{"line":25,"column":1}},"3":{"start":{"line":16,"column":2},"end":{"line":16,"column":76}},"4":{"start":{"line":16,"column":19},"end":{"line":16,"column":76}},"5":{"start":{"line":17,"column":2},"end":{"line":17,"column":63}},"6":{"start":{"line":17,"column":13},"end":{"line":17,"column":63}},"7":{"start":{"line":18,"column":2},"end":{"line":18,"column":53}},"8":{"start":{"line":18,"column":28},"end":{"line":18,"column":53}},"9":{"start":{"line":22,"column":2},"end":{"line":22,"column":38}},"10":{"start":{"line":24,"column":2},"end":{"line":24,"column":31}},"11":{"start":{"line":27,"column":0},"end":{"line":44,"column":1}},"12":{"start":{"line":29,"column":2},"end":{"line":43,"column":5}},"13":{"start":{"line":30,"column":4},"end":{"line":30,"column":70}},"14":{"start":{"line":30,"column":21},"end":{"line":30,"column":70}},"15":{"start":{"line":31,"column":4},"end":{"line":31,"column":53}},"16":{"start":{"line":31,"column":13},"end":{"line":31,"column":53}},"17":{"start":{"line":34,"column":17},"end":{"line":34,"column":36}},"18":{"start":{"line":35,"column":4},"end":{"line":35,"column":62}},"19":{"start":{"line":35,"column":17},"end":{"line":35,"column":62}},"20":{"start":{"line":39,"column":15},"end":{"line":39,"column":25}},"21":{"start":{"line":40,"column":4},"end":{"line":40,"column":58}},"22":{"start":{"line":40,"column":15},"end":{"line":40,"column":58}},"23":{"start":{"line":42,"column":4},"end":{"line":42,"column":18}}},"fnMap":{"0":{"name":"(anonymous_0)","decl":{"start":{"line":11,"column":21},"end":{"line":11,"column":22}},"loc":{"start":{"line":11,"column":48},"end":{"line":25,"column":1}},"line":11},"1":{"name":"(anonymous_1)","decl":{"start":{"line":27,"column":20},"end":{"line":27,"column":21}},"loc":{"start":{"line":27,"column":45},"end":{"line":44,"column":1}},"line":27},"2":{"name":"(anonymous_2)","decl":{"start":{"line":29,"column":21},"end":{"line":29,"column":22}},"loc":{"start":{"line":29,"column":42},"end":{"line":43,"column":3}},"line":29}},"branchMap":{"0":{"loc":{"start":{"line":16,"column":2},"end":{"line":16,"column":76}},"type":"if","locations":[{"start":{"line":16,"column":2},"end":{"line":16,"column":76}},{"start":{"line":16,"column":2},"end":{"line":16,"column":76}}],"line":16},"1":{"loc":{"start":{"line":17,"column":2},"end":{"line":17,"column":63}},"type":"if","locations":[{"start":{"line":17,"column":2},"end":{"line":17,"column":63}},{"start":{"line":17,"column":2},"end":{"line":17,"column":63}}],"line":17},"2":{"loc":{"start":{"line":18,"column":2},"end":{"line":18,"column":53}},"type":"if","locations":[{"start":{"line":18,"column":2},"end":{"line":18,"column":53}},{"start":{"line":18,"column":2},"end":{"line":18,"column":53}}],"line":18},"3":{"loc":{"start":{"line":30,"column":4},"end":{"line":30,"column":70}},"type":"if","locations":[{"start":{"line":30,"column":4},"end":{"line":30,"column":70}},{"start":{"line":30,"column":4},"end":{"line":30,"column":70}}],"line":30},"4":{"loc":{"start":{"line":31,"column":4},"end":{"line":31,"column":53}},"type":"if","locations":[{"start":{"line":31,"column":4},"end":{"line":31,"column":53}},{"start":{"line":31,"column":4},"end":{"line":31,"column":53}}],"line":31},"5":{"loc":{"start":{"line":35,"column":4},"end":{"line":35,"column":62}},"type":"if","locations":[{"start":{"line":35,"column":4},"end":{"line":35,"column":62}},{"start":{"line":35,"column":4},"end":{"line":35,"column":62}}],"line":35},"6":{"loc":{"start":{"line":40,"column":4},"end":{"line":40,"column":58}},"type":"if","locations":[{"start":{"line":40,"column":4},"end":{"line":40,"column":58}},{"start":{"line":40,"column":4},"end":{"line":40,"column":58}}],"line":40}},"s":{"0":1,"1":1,"2":1,"3":1,"4":0,"5":1,"6":0,"7":1,"8":1,"9":1,"10":1,"11":1,"12":1,"13":1,"14":0,"15":1,"16":0,"17":1,"18":1,"19":0,"20":1,"21":1,"22":0,"23":1},"f":{"0":1,"1":1,"2":1},"b":{"0":[0,1],"1":[0,1],"2":[1,0],"3":[0,1],"4":[0,1],"5":[0,1],"6":[0,1]},"_coverageSchema":"332fd63041d2c1bcb487cc26dd0d5f7d97098a6c","hash":"352ecf1b7d87d913b53da58d08cf87464b41fb11"}
,"/Users/roslin/codefellows/401/demos/day8-vanilla-rest-api/model/note.js": {"path":"/Users/roslin/codefellows/401/demos/day8-vanilla-rest-api/model/note.js","statementMap":{"0":{"start":{"line":6,"column":15},"end":{"line":6,"column":33}},"1":{"start":{"line":8,"column":0},"end":{"line":15,"column":1}},"2":{"start":{"line":9,"column":2},"end":{"line":9,"column":46}},"3":{"start":{"line":9,"column":13},"end":{"line":9,"column":46}},"4":{"start":{"line":10,"column":2},"end":{"line":10,"column":52}},"5":{"start":{"line":10,"column":16},"end":{"line":10,"column":52}},"6":{"start":{"line":12,"column":2},"end":{"line":12,"column":21}},"7":{"start":{"line":13,"column":2},"end":{"line":13,"column":19}},"8":{"start":{"line":14,"column":2},"end":{"line":14,"column":25}}},"fnMap":{"0":{"name":"(anonymous_0)","decl":{"start":{"line":8,"column":17},"end":{"line":8,"column":18}},"loc":{"start":{"line":8,"column":41},"end":{"line":15,"column":1}},"line":8}},"branchMap":{"0":{"loc":{"start":{"line":9,"column":2},"end":{"line":9,"column":46}},"type":"if","locations":[{"start":{"line":9,"column":2},"end":{"line":9,"column":46}},{"start":{"line":9,"column":2},"end":{"line":9,"column":46}}],"line":9},"1":{"loc":{"start":{"line":10,"column":2},"end":{"line":10,"column":52}},"type":"if","locations":[{"start":{"line":10,"column":2},"end":{"line":10,"column":52}},{"start":{"line":10,"column":2},"end":{"line":10,"column":52}}],"line":10}},"s":{"0":1,"1":1,"2":1,"3":0,"4":1,"5":0,"6":1,"7":1,"8":1},"f":{"0":1},"b":{"0":[0,1],"1":[0,1]},"_coverageSchema":"332fd63041d2c1bcb487cc26dd0d5f7d97098a6c","hash":"449be83b5bd47aae06f2b31169ec0ba0c2dd2404"}
}
