TN:
SF:/Users/roslin/codefellows/401/demos/day8-vanilla-rest-api/server.js
FN:15,(anonymous_0)
FN:20,(anonymous_1)
FN:29,(anonymous_2)
FN:46,(anonymous_3)
FN:71,(anonymous_4)
FNF:5
FNH:4
FNDA:1,(anonymous_0)
FNDA:1,(anonymous_1)
FNDA:0,(anonymous_2)
FNDA:1,(anonymous_3)
FNDA:1,(anonymous_4)
DA:6,1
DA:7,1
DA:8,1
DA:9,1
DA:10,1
DA:11,1
DA:15,1
DA:17,1
DA:18,1
DA:21,1
DA:25,1
DA:26,1
DA:30,0
DA:31,0
DA:34,0
DA:35,0
DA:37,1
DA:39,0
DA:42,0
DA:43,0
DA:46,1
DA:47,1
DA:49,1
DA:51,1
DA:52,1
DA:55,1
DA:56,1
DA:58,0
DA:59,0
DA:62,0
DA:63,0
DA:69,1
DA:71,1
DA:72,1
LF:34
LH:23
BRDA:10,0,0,1
BRDA:10,0,1,1
BRDA:17,1,0,1
BRDA:17,1,1,0
BRF:4
BRH:3
end_of_record
TN:
SF:/Users/roslin/codefellows/401/demos/day8-vanilla-rest-api/lib/parse-json.js
FN:7,(anonymous_0)
FN:8,(anonymous_1)
FN:14,(anonymous_2)
FN:18,(anonymous_3)
FN:28,(anonymous_4)
FNF:5
FNH:4
FNDA:2,(anonymous_0)
FNDA:2,(anonymous_1)
FNDA:1,(anonymous_2)
FNDA:1,(anonymous_3)
FNDA:0,(anonymous_4)
DA:7,1
DA:8,2
DA:11,2
DA:12,1
DA:14,1
DA:15,1
DA:18,1
DA:19,1
DA:20,1
DA:21,1
DA:23,0
DA:24,0
DA:28,1
DA:29,0
DA:30,0
DA:33,1
DA:36,1
LF:17
LH:13
BRDA:11,0,0,1
BRDA:11,0,1,1
BRDA:11,1,0,2
BRDA:11,1,1,1
BRF:4
BRH:4
end_of_record
TN:
SF:/Users/roslin/codefellows/401/demos/day8-vanilla-rest-api/lib/parse-url.js
FN:8,(anonymous_0)
FNF:1
FNH:1
FNDA:2,(anonymous_0)
DA:5,1
DA:6,1
DA:8,1
DA:9,2
DA:11,2
DA:14,2
LF:6
LH:6
BRF:0
BRH:0
end_of_record
TN:
SF:/Users/roslin/codefellows/401/demos/day8-vanilla-rest-api/lib/router.js
FN:11,(anonymous_0)
FN:22,(anonymous_1)
FN:32,(anonymous_2)
FN:36,(anonymous_3)
FN:40,(anonymous_4)
FN:44,(anonymous_5)
FN:50,(anonymous_6)
FN:56,(anonymous_7)
FN:79,(anonymous_8)
FNF:9
FNH:6
FNDA:1,(anonymous_0)
FNDA:1,(anonymous_1)
FNDA:1,(anonymous_2)
FNDA:0,(anonymous_3)
FNDA:0,(anonymous_4)
FNDA:1,(anonymous_5)
FNDA:2,(anonymous_6)
FNDA:2,(anonymous_7)
FNDA:0,(anonymous_8)
DA:8,1
DA:9,1
DA:11,1
DA:12,1
DA:22,1
DA:27,1
DA:32,1
DA:33,1
DA:36,1
DA:37,0
DA:40,1
DA:41,0
DA:44,1
DA:50,1
DA:52,2
DA:60,2
DA:63,2
DA:64,2
DA:67,0
DA:69,0
DA:75,0
DA:76,0
DA:81,0
DA:83,0
DA:87,0
DA:88,0
LF:26
LH:16
BRDA:60,0,0,2
BRDA:60,0,1,0
BRF:2
BRH:1
end_of_record
TN:
SF:/Users/roslin/codefellows/401/demos/day8-vanilla-rest-api/lib/storage.js
FN:11,(anonymous_0)
FN:27,(anonymous_1)
FN:29,(anonymous_2)
FNF:3
FNH:3
FNDA:1,(anonymous_0)
FNDA:1,(anonymous_1)
FNDA:1,(anonymous_2)
DA:6,1
DA:9,1
DA:11,1
DA:16,1
DA:17,1
DA:18,1
DA:22,1
DA:24,1
DA:27,1
DA:29,1
DA:30,1
DA:31,1
DA:34,1
DA:35,1
DA:39,1
DA:40,1
DA:42,1
LF:17
LH:17
BRDA:16,0,0,0
BRDA:16,0,1,1
BRDA:17,1,0,0
BRDA:17,1,1,1
BRDA:18,2,0,1
BRDA:18,2,1,0
BRDA:30,3,0,0
BRDA:30,3,1,1
BRDA:31,4,0,0
BRDA:31,4,1,1
BRDA:35,5,0,0
BRDA:35,5,1,1
BRDA:40,6,0,0
BRDA:40,6,1,1
BRF:14
BRH:7
end_of_record
TN:
SF:/Users/roslin/codefellows/401/demos/day8-vanilla-rest-api/model/note.js
FN:8,(anonymous_0)
FNF:1
FNH:1
FNDA:1,(anonymous_0)
DA:6,1
DA:8,1
DA:9,1
DA:10,1
DA:12,1
DA:13,1
DA:14,1
LF:7
LH:7
BRDA:9,0,0,0
BRDA:9,0,1,1
BRDA:10,1,0,0
BRDA:10,1,1,1
BRF:4
BRH:2
end_of_record
